<?xml version="1.0" encoding="UTF-8"?>
<testsuite name="tbank.mr_irmag.cbr_ru.service.CurrencyParserServiceTest" tests="3" skipped="0" failures="0" errors="0" timestamp="2024-10-10T17:55:02" hostname="Haleds-MBP" time="0.02">
  <properties/>
  <testcase name="getCurrencyValueByCode_NegativeCase_ShouldThrowCurrencyNotFoundException()" classname="tbank.mr_irmag.cbr_ru.service.CurrencyParserServiceTest" time="0.017"/>
  <testcase name="getCurrencyValueByCode_NegativeCase_ShouldThrowCurrencyNotFoundExceptionForBlankResult()" classname="tbank.mr_irmag.cbr_ru.service.CurrencyParserServiceTest" time="0.002"/>
  <testcase name="getCurrencyValueByCode_PositiveCase_ShouldReturnCurrencyValue()" classname="tbank.mr_irmag.cbr_ru.service.CurrencyParserServiceTest" time="0.001"/>
  <system-out><![CDATA[]]></system-out>
  <system-err><![CDATA[]]></system-err>
</testsuite>
