<?xml version="1.0" encoding="UTF-8"?>
<testsuite name="tbank.mr_irmag.cbr_ru.exception.CurrencyNotFoundExceptionTest" tests="4" skipped="0" failures="0" errors="0" timestamp="2024-10-10T17:55:02" hostname="Haleds-MBP" time="0.006">
  <properties/>
  <testcase name="constructorWithMessage_ShouldReturnCustomMessage()" classname="tbank.mr_irmag.cbr_ru.exception.CurrencyNotFoundExceptionTest" time="0.0"/>
  <testcase name="constructorWithMessageAndCause_ShouldReturnCustomMessage()" classname="tbank.mr_irmag.cbr_ru.exception.CurrencyNotFoundExceptionTest" time="0.001"/>
  <testcase name="constructorWithCause_ShouldReturnDefaultMessage()" classname="tbank.mr_irmag.cbr_ru.exception.CurrencyNotFoundExceptionTest" time="0.0"/>
  <testcase name="defaultConstructor_ShouldReturnDefaultMessage()" classname="tbank.mr_irmag.cbr_ru.exception.CurrencyNotFoundExceptionTest" time="0.0"/>
  <system-out><![CDATA[]]></system-out>
  <system-err><![CDATA[]]></system-err>
</testsuite>
