<?xml version="1.0" encoding="UTF-8"?>
<testsuite name="tbank.mr_irmag.cbr_ru.exception.CurrencyFromAndToAreEqualExceptionTest" tests="4" skipped="0" failures="0" errors="0" timestamp="2024-10-10T17:55:02" hostname="Haleds-MBP" time="0.003">
  <properties/>
  <testcase name="messageConstructor_ShouldReturnCustomMessage()" classname="tbank.mr_irmag.cbr_ru.exception.CurrencyFromAndToAreEqualExceptionTest" time="0.0"/>
  <testcase name="causeConstructor_ShouldReturnDefaultMessageAndCause()" classname="tbank.mr_irmag.cbr_ru.exception.CurrencyFromAndToAreEqualExceptionTest" time="0.0"/>
  <testcase name="messageAndCauseConstructor_ShouldReturnCustomMessageAndCause()" classname="tbank.mr_irmag.cbr_ru.exception.CurrencyFromAndToAreEqualExceptionTest" time="0.0"/>
  <testcase name="defaultConstructor_ShouldReturnDefaultMessage()" classname="tbank.mr_irmag.cbr_ru.exception.CurrencyFromAndToAreEqualExceptionTest" time="0.0"/>
  <system-out><![CDATA[]]></system-out>
  <system-err><![CDATA[]]></system-err>
</testsuite>
